<?xml version="1.0" encoding="UTF-8"?>
<!-- Generated by org.testng.reporters.JUnitReportReporter -->
<testsuite hostname="SUNIL-HPZ400" failures="0" tests="1" name="test.Base" time="4.076" errors="1" timestamp="2021-07-27T15:26:18 GST" skipped="0">
  <testcase classname="test.Base" name="beforeTest" time="4.076">
    <error message="session not created: This version of ChromeDriver only supports Chrome version 90
Current browser version is 92.0.4515.107 with binary path C:\Program Files (x86)\Google\Chrome\Application\chrome.exe
Build info: version: &#039;3.141.59&#039;, revision: &#039;e82be7d358&#039;, time: &#039;2018-11-14T08:17:03&#039;
System info: host: &#039;SUNIL-HPZ400&#039;, ip: &#039;172.24.192.1&#039;, os.name: &#039;Windows 10&#039;, os.arch: &#039;amd64&#039;, os.version: &#039;10.0&#039;, java.version: &#039;15.0.2&#039;
Driver info: driver.version: ChromeDriver
remote stacktrace: Backtrace:
	Ordinal0 [0x003AC013+2474003]
	Ordinal0 [0x003429C1+2042305]
	Ordinal0 [0x00252F68+1060712]
	Ordinal0 [0x0027188E+1185934]
	Ordinal0 [0x0026D600+1168896]
	Ordinal0 [0x0026AA83+1157763]
	Ordinal0 [0x0029A2A2+1352354]
	Ordinal0 [0x00298FAA+1347498]
	Ordinal0 [0x002966DB+1337051]
	Ordinal0 [0x00273427+1192999]
	Ordinal0 [0x002742EE+1196782]
	Ordinal0 [0x00274279+1196665]
	GetHandleVerifier [0x005396FC+1590332]
	GetHandleVerifier [0x005E8614+2306900]
	GetHandleVerifier [0x00439E93+543699]
	GetHandleVerifier [0x004392CE+540686]
	Ordinal0 [0x003486BA+2066106]
	Ordinal0 [0x0034D1C8+2085320]
	Ordinal0 [0x0034D308+2085640]
	Ordinal0 [0x003567F3+2123763]
	BaseThreadInitThunk [0x75B6FA29+25]
	RtlGetAppContainerNamedObjectPath [0x770F7A7E+286]
	RtlGetAppContainerNamedObjectPath [0x770F7A4E+238]
" type="org.openqa.selenium.SessionNotCreatedException">
      <![CDATA[org.openqa.selenium.SessionNotCreatedException: session not created: This version of ChromeDriver only supports Chrome version 90
Current browser version is 92.0.4515.107 with binary path C:\Program Files (x86)\Google\Chrome\Application\chrome.exe
Build info: version: '3.141.59', revision: 'e82be7d358', time: '2018-11-14T08:17:03'
System info: host: 'SUNIL-HPZ400', ip: '172.24.192.1', os.name: 'Windows 10', os.arch: 'amd64', os.version: '10.0', java.version: '15.0.2'
Driver info: driver.version: ChromeDriver
remote stacktrace: Backtrace:
Ordinal0 [0x003AC013+2474003]
Ordinal0 [0x003429C1+2042305]
Ordinal0 [0x00252F68+1060712]
Ordinal0 [0x0027188E+1185934]
Ordinal0 [0x0026D600+1168896]
Ordinal0 [0x0026AA83+1157763]
Ordinal0 [0x0029A2A2+1352354]
Ordinal0 [0x00298FAA+1347498]
Ordinal0 [0x002966DB+1337051]
Ordinal0 [0x00273427+1192999]
Ordinal0 [0x002742EE+1196782]
Ordinal0 [0x00274279+1196665]
GetHandleVerifier [0x005396FC+1590332]
GetHandleVerifier [0x005E8614+2306900]
GetHandleVerifier [0x00439E93+543699]
GetHandleVerifier [0x004392CE+540686]
Ordinal0 [0x003486BA+2066106]
Ordinal0 [0x0034D1C8+2085320]
Ordinal0 [0x0034D308+2085640]
Ordinal0 [0x003567F3+2123763]
BaseThreadInitThunk [0x75B6FA29+25]
RtlGetAppContainerNamedObjectPath [0x770F7A7E+286]
RtlGetAppContainerNamedObjectPath [0x770F7A4E+238]

at java.base/jdk.internal.reflect.NativeConstructorAccessorImpl.newInstance0(Native Method)
at java.base/jdk.internal.reflect.NativeConstructorAccessorImpl.newInstance(NativeConstructorAccessorImpl.java:64)
at java.base/jdk.internal.reflect.DelegatingConstructorAccessorImpl.newInstance(DelegatingConstructorAccessorImpl.java:45)
at java.base/java.lang.reflect.Constructor.newInstanceWithCaller(Constructor.java:500)
at java.base/java.lang.reflect.Constructor.newInstance(Constructor.java:481)
at org.openqa.selenium.remote.W3CHandshakeResponse.lambda$errorHandler$0(W3CHandshakeResponse.java:62)
at org.openqa.selenium.remote.HandshakeResponse.lambda$getResponseFunction$0(HandshakeResponse.java:30)
at org.openqa.selenium.remote.ProtocolHandshake.lambda$createSession$0(ProtocolHandshake.java:126)
at java.base/java.util.stream.ReferencePipeline$3$1.accept(ReferencePipeline.java:195)
at java.base/java.util.Spliterators$ArraySpliterator.tryAdvance(Spliterators.java:958)
at java.base/java.util.stream.ReferencePipeline.forEachWithCancel(ReferencePipeline.java:127)
at java.base/java.util.stream.AbstractPipeline.copyIntoWithCancel(AbstractPipeline.java:502)
at java.base/java.util.stream.AbstractPipeline.copyInto(AbstractPipeline.java:488)
at java.base/java.util.stream.AbstractPipeline.wrapAndCopyInto(AbstractPipeline.java:474)
at java.base/java.util.stream.FindOps$FindOp.evaluateSequential(FindOps.java:150)
at java.base/java.util.stream.AbstractPipeline.evaluate(AbstractPipeline.java:234)
at java.base/java.util.stream.ReferencePipeline.findFirst(ReferencePipeline.java:543)
at org.openqa.selenium.remote.ProtocolHandshake.createSession(ProtocolHandshake.java:128)
at org.openqa.selenium.remote.ProtocolHandshake.createSession(ProtocolHandshake.java:74)
at org.openqa.selenium.remote.HttpCommandExecutor.execute(HttpCommandExecutor.java:136)
at org.openqa.selenium.remote.service.DriverCommandExecutor.execute(DriverCommandExecutor.java:83)
at org.openqa.selenium.remote.RemoteWebDriver.execute(RemoteWebDriver.java:552)
at org.openqa.selenium.remote.RemoteWebDriver.startSession(RemoteWebDriver.java:213)
at org.openqa.selenium.remote.RemoteWebDriver.<init>(RemoteWebDriver.java:131)
at org.openqa.selenium.chrome.ChromeDriver.<init>(ChromeDriver.java:181)
at org.openqa.selenium.chrome.ChromeDriver.<init>(ChromeDriver.java:168)
at org.openqa.selenium.chrome.ChromeDriver.<init>(ChromeDriver.java:123)
at utils.Common.setupBrowser(Common.java:18)
at test.Base.beforeTest(Base.java:19)
at java.base/jdk.internal.reflect.NativeMethodAccessorImpl.invoke0(Native Method)
at java.base/jdk.internal.reflect.NativeMethodAccessorImpl.invoke(NativeMethodAccessorImpl.java:64)
at java.base/jdk.internal.reflect.DelegatingMethodAccessorImpl.invoke(DelegatingMethodAccessorImpl.java:43)
at java.base/java.lang.reflect.Method.invoke(Method.java:564)
at org.testng.internal.MethodInvocationHelper.invokeMethod(MethodInvocationHelper.java:133)
at org.testng.internal.MethodInvocationHelper.invokeMethodConsideringTimeout(MethodInvocationHelper.java:62)
at org.testng.internal.ConfigInvoker.invokeConfigurationMethod(ConfigInvoker.java:385)
at org.testng.internal.ConfigInvoker.invokeConfigurations(ConfigInvoker.java:321)
at org.testng.TestRunner.invokeTestConfigurations(TestRunner.java:637)
at org.testng.TestRunner.beforeRun(TestRunner.java:627)
at org.testng.TestRunner.run(TestRunner.java:589)
at org.testng.SuiteRunner.runTest(SuiteRunner.java:377)
at org.testng.SuiteRunner.access$000(SuiteRunner.java:28)
at org.testng.SuiteRunner$SuiteWorker.run(SuiteRunner.java:418)
at org.testng.internal.thread.ThreadUtil.lambda$execute$0(ThreadUtil.java:64)
at java.base/java.util.concurrent.FutureTask.run(FutureTask.java:264)
at java.base/java.util.concurrent.ThreadPoolExecutor.runWorker(ThreadPoolExecutor.java:1130)
at java.base/java.util.concurrent.ThreadPoolExecutor$Worker.run(ThreadPoolExecutor.java:630)
at java.base/java.lang.Thread.run(Thread.java:832)
]]>
    </error>
  </testcase> <!-- beforeTest -->
  <system-out/>
</testsuite> <!-- test.Base -->
